Iteration,fy_speed_1,fy_dir_x,fy_dir_y,drop_time,clock_value,Obscured_Duration
Iteration,120.0,-0.9949258920227907,0.0,1.5,4.0,2.7549999999999635
Iteration,120.01,-0.9949258920227907,0.0,1.5,4.0,2.7499999999999636
Iteration,120.0,-0.9849258920227907,0.0,1.5,4.0,2.7549999999999635
Iteration,120.0,-0.9949258920227907,0.01,1.5,4.0,4.014999999999937
Iteration,120.0,-0.9949258920227907,0.0,1.51,4.0,2.739999999999964
Iteration,120.0,-0.9949258920227907,0.0,1.5,4.01,2.774999999999963
Iteration,119.50000000000028,-0.9949258920227907,1.0,0.1,5.999999999999946,0.0
Iteration,119.51000000000029,-0.9949258920227907,1.0,0.1,5.999999999999946,0.0
Iteration,119.50000000000028,-0.9849258920227907,1.0,0.1,5.999999999999946,0.0
Iteration,119.50000000000028,-0.9949258920227907,0.99,0.1,5.999999999999946,0.0
Iteration,119.50000000000028,-0.9949258920227907,1.0,0.11,5.999999999999946,0.0
Iteration,119.50000000000028,-0.9949258920227907,1.0,0.1,6.009999999999946,0.0
Iteration,119.83999468059393,-0.9949258920227907,0.32001063881232145,1.05198510566275,4.6400212776246255,0.0
Iteration,119.84999468059394,-0.9949258920227907,0.32001063881232145,1.05198510566275,4.6400212776246255,0.0
Iteration,119.83999468059393,-0.9849258920227907,0.32001063881232145,1.05198510566275,4.6400212776246255,0.0
Iteration,119.83999468059393,-0.9949258920227907,0.33001063881232146,1.05198510566275,4.6400212776246255,0.0
Iteration,119.83999468059393,-0.9949258920227907,0.32001063881232145,1.06198510566275,4.6400212776246255,0.0
Iteration,119.83999468059393,-0.9949258920227907,0.32001063881232145,1.05198510566275,4.650021277624625,0.0
Iteration,119.95280479139139,-0.9949258920227907,0.09439041721728457,1.3678534158958016,4.188780834434564,0.0
Iteration,119.96280479139139,-0.9949258920227907,0.09439041721728457,1.3678534158958016,4.188780834434564,0.0
Iteration,119.95280479139139,-0.9849258920227907,0.09439041721728457,1.3678534158958016,4.188780834434564,0.0
Iteration,119.95280479139139,-0.9949258920227907,0.10439041721728456,1.3678534158958016,4.188780834434564,0.0
Iteration,119.95280479139139,-0.9949258920227907,0.09439041721728457,1.3778534158958016,4.188780834434564,0.0
Iteration,119.95280479139139,-0.9949258920227907,0.09439041721728457,1.3678534158958016,4.198780834434563,0.0
Iteration,119.98908323511525,-0.9949258920227907,0.02183352976953283,1.469433058322654,4.0436670595390645,2.629999999999966
Iteration,119.99908323511525,-0.9949258920227907,0.02183352976953283,1.469433058322654,4.0436670595390645,2.629999999999966
Iteration,119.98908323511525,-0.9849258920227907,0.02183352976953283,1.469433058322654,4.0436670595390645,2.589999999999967
Iteration,119.98908323511525,-0.9949258920227907,0.03183352976953283,1.469433058322654,4.0436670595390645,0.0
Iteration,119.98908323511525,-0.9949258920227907,0.02183352976953283,1.479433058322654,4.0436670595390645,2.6249999999999662
Iteration,119.98908323511525,-0.9949258920227907,0.02183352976953283,1.469433058322654,4.053667059539064,2.599999999999967
Iteration,119.99432707921221,-0.9949258920227907,0.011345841575591802,1.4841158217941715,4.022691683151183,4.089999999999935
Iteration,120.00432707921222,-0.9949258920227907,0.011345841575591802,1.4841158217941715,4.022691683151183,4.089999999999935
Iteration,119.99432707921221,-0.9849258920227907,0.011345841575591802,1.4841158217941715,4.022691683151183,4.089999999999935
Iteration,119.99432707921221,-0.9949258920227907,0.0213458415755918,1.4841158217941715,4.022691683151183,2.7599999999999634
Iteration,119.99432707921221,-0.9949258920227907,0.011345841575591802,1.4941158217941715,4.022691683151183,4.084999999999935
Iteration,119.99432707921221,-0.9949258920227907,0.011345841575591802,1.4841158217941715,4.0326916831511825,4.084999999999935
Iteration,119.99717368316858,-0.9949258920227907,0.005652633662825422,1.4920863128720445,4.011305267325651,3.579999999999946
Iteration,120.00717368316859,-0.9949258920227907,0.005652633662825422,1.4920863128720445,4.011305267325651,3.579999999999946
Iteration,119.99717368316858,-0.9849258920227907,0.005652633662825422,1.4920863128720445,4.011305267325651,3.584999999999946
Iteration,119.99717368316858,-0.9949258920227907,0.015652633662825422,1.4920863128720445,4.011305267325651,3.714999999999943
Iteration,119.99717368316858,-0.9949258920227907,0.005652633662825422,1.5020863128720445,4.011305267325651,3.564999999999946
Iteration,119.99717368316858,-0.9949258920227907,0.005652633662825422,1.4920863128720445,4.02130526732565,3.614999999999945
Iteration,119.99635258060414,-0.9948963428457122,0.006831217003556359,1.4896995873200214,4.014796521822976,3.7399999999999425
Iteration,120.00635258060414,-0.9948963428457122,0.006831217003556359,1.4896995873200214,4.014796521822976,3.7399999999999425
Iteration,119.99635258060414,-0.9848963428457121,0.006831217003556359,1.4896995873200214,4.014796521822976,3.7499999999999423
Iteration,119.99635258060414,-0.9948963428457122,0.01683121700355636,1.4896995873200214,4.014796521822976,3.529999999999947
Iteration,119.99635258060414,-0.9948963428457122,0.006831217003556359,1.4996995873200214,4.014796521822976,3.724999999999943
Iteration,119.99635258060414,-0.9948963428457122,0.006831217003556359,1.4896995873200214,4.024796521822976,3.7749999999999417
Iteration,119.99633628907614,-0.994867741309856,0.006573045376260599,1.489607966388458,4.014968628672832,3.709999999999943
Iteration,120.00633628907615,-0.994867741309856,0.006573045376260599,1.489607966388458,4.014968628672832,3.7049999999999432
Iteration,119.99633628907614,-0.984867741309856,0.006573045376260599,1.489607966388458,4.014968628672832,3.714999999999943
Iteration,119.99633628907614,-0.994867741309856,0.0165730453762606,1.489607966388458,4.014968628672832,3.564999999999946
Iteration,119.99633628907614,-0.994867741309856,0.006573045376260599,1.499607966388458,4.014968628672832,3.6899999999999435
Iteration,119.99633628907614,-0.994867741309856,0.006573045376260599,1.489607966388458,4.0249686286728314,3.7449999999999424
Iteration,119.99635209468316,-0.9948954897589757,0.0068235166201889375,1.4896968545786087,4.01480165518615,3.7399999999999425
Iteration,120.00635209468317,-0.9948954897589757,0.0068235166201889375,1.4896968545786087,4.01480165518615,3.7349999999999426
Iteration,119.99635209468316,-0.9848954897589757,0.0068235166201889375,1.4896968545786087,4.01480165518615,3.7449999999999424
Iteration,119.99635209468316,-0.9948954897589757,0.01682351662018894,1.4896968545786087,4.01480165518615,3.529999999999947
Iteration,119.99635209468316,-0.9948954897589757,0.0068235166201889375,1.4996968545786087,4.01480165518615,3.719999999999943
Iteration,119.99635209468316,-0.9948954897589757,0.0068235166201889375,1.4896968545786087,4.02480165518615,3.7749999999999417
Iteration,119.99635247831553,-0.9948961632670246,0.006829596037387847,1.4896990120653664,4.01479760241957,3.7399999999999425
Iteration,120.00635247831553,-0.9948961632670246,0.006829596037387847,1.4896990120653664,4.01479760241957,3.7399999999999425
Iteration,119.99635247831553,-0.9848961632670246,0.006829596037387847,1.4896990120653664,4.01479760241957,3.7499999999999423
Iteration,119.99635247831553,-0.9948961632670246,0.016829596037387845,1.4896990120653664,4.01479760241957,3.529999999999947
Iteration,119.99635247831553,-0.9948961632670246,0.006829596037387847,1.4996990120653664,4.01479760241957,3.719999999999943
Iteration,119.99635247831553,-0.9948961632670246,0.006829596037387847,1.4896990120653664,4.02479760241957,3.7749999999999417
Iteration,119.99635255908034,-0.994896305058353,0.0068308759161393034,1.4896994662736183,4.014796749204589,3.7399999999999425
Iteration,120.00635255908034,-0.994896305058353,0.0068308759161393034,1.4896994662736183,4.014796749204589,3.7399999999999425
Iteration,119.99635255908034,-0.984896305058353,0.0068308759161393034,1.4896994662736183,4.014796749204589,3.7499999999999423
Iteration,119.99635255908034,-0.994896305058353,0.016830875916139305,1.4896994662736183,4.014796749204589,3.529999999999947
Iteration,119.99635255908034,-0.994896305058353,0.0068308759161393034,1.4996994662736183,4.014796749204589,3.724999999999943
Iteration,119.99635255908034,-0.994896305058353,0.0068308759161393034,1.4896994662736183,4.024796749204588,3.7749999999999417
Iteration,119.99635257606184,-0.9948963348712064,0.006831145021718133,1.489699561774832,4.014796569808758,3.7399999999999425
Iteration,120.00635257606184,-0.9948963348712064,0.006831145021718133,1.489699561774832,4.014796569808758,3.7399999999999425
Iteration,119.99635257606184,-0.9848963348712064,0.006831145021718133,1.489699561774832,4.014796569808758,3.7499999999999423
Iteration,119.99635257606184,-0.9948963348712064,0.016831145021718133,1.489699561774832,4.014796569808758,3.529999999999947
Iteration,119.99635257606184,-0.9948963348712064,0.006831145021718133,1.499699561774832,4.014796569808758,3.724999999999943
Iteration,119.99635257606184,-0.9948963348712064,0.006831145021718133,1.489699561774832,4.024796569808758,3.7749999999999417
Iteration,119.99635257964555,-0.9948963411628017,0.006831201812773073,1.4896995819290584,4.01479653194972,3.7399999999999425
Iteration,120.00635257964555,-0.9948963411628017,0.006831201812773073,1.4896995819290584,4.01479653194972,3.7399999999999425
Iteration,119.99635257964555,-0.9848963411628017,0.006831201812773073,1.4896995819290584,4.01479653194972,3.7499999999999423
Iteration,119.99635257964555,-0.9948963411628017,0.016831201812773075,1.4896995819290584,4.01479653194972,3.529999999999947
Iteration,119.99635257964555,-0.9948963411628017,0.006831201812773073,1.4996995819290584,4.01479653194972,3.724999999999943
Iteration,119.99635257964555,-0.9948963411628017,0.006831201812773073,1.4896995819290584,4.02479653194972,3.7749999999999417
Iteration,119.99635258040185,-0.9948963424905569,0.006831213797749136,1.4896995861823323,4.014796523960087,3.7399999999999425
Iteration,120.00635258040185,-0.9948963424905569,0.006831213797749136,1.4896995861823323,4.014796523960087,3.7399999999999425
Iteration,119.99635258040185,-0.9848963424905569,0.006831213797749136,1.4896995861823323,4.014796523960087,3.7499999999999423
Iteration,119.99635258040185,-0.9948963424905569,0.016831213797749135,1.4896995861823323,4.014796523960087,3.529999999999947
Iteration,119.99635258040185,-0.9948963424905569,0.006831213797749136,1.4996995861823323,4.014796523960087,3.724999999999943
Iteration,119.99635258040185,-0.9948963424905569,0.006831213797749136,1.4896995861823323,4.024796523960087,3.7749999999999417
Iteration,119.99635258056145,-0.9948963427707614,0.006831216327014552,1.4896995870799277,4.0147965222739845,3.7399999999999425
Iteration,120.00635258056145,-0.9948963427707614,0.006831216327014552,1.4896995870799277,4.0147965222739845,3.7399999999999425
Iteration,119.99635258056145,-0.9848963427707614,0.006831216327014552,1.4896995870799277,4.0147965222739845,3.7499999999999423
Iteration,119.99635258056145,-0.9948963427707614,0.01683121632701455,1.4896995870799277,4.0147965222739845,3.529999999999947
Iteration,119.99635258056145,-0.9948963427707614,0.006831216327014552,1.4996995870799277,4.0147965222739845,3.724999999999943
Iteration,119.99635258056145,-0.9948963427707614,0.006831216327014552,1.4896995870799277,4.024796522273984,3.7749999999999417
Iteration,119.99635258059513,-0.9948963428298948,0.006831216860781453,1.4896995872693528,4.014796521918155,3.7399999999999425
Iteration,120.00635258059513,-0.9948963428298948,0.006831216860781453,1.4896995872693528,4.014796521918155,3.7399999999999425
Iteration,119.99635258059513,-0.9848963428298948,0.006831216860781453,1.4896995872693528,4.014796521918155,3.7499999999999423
Iteration,119.99635258059513,-0.9948963428298948,0.016831216860781453,1.4896995872693528,4.014796521918155,3.529999999999947
Iteration,119.99635258059513,-0.9948963428298948,0.006831216860781453,1.4996995872693528,4.014796521918155,3.724999999999943
Iteration,119.99635258059513,-0.9948963428298948,0.006831216860781453,1.4896995872693528,4.024796521918155,3.7749999999999417
Iteration,119.99635258060223,-0.9948963428423742,0.006831216973425664,1.4896995873093284,4.014796521843063,3.7399999999999425
Iteration,120.00635258060224,-0.9948963428423742,0.006831216973425664,1.4896995873093284,4.014796521843063,3.7399999999999425
Iteration,119.99635258060223,-0.9848963428423742,0.006831216973425664,1.4896995873093284,4.014796521843063,3.7499999999999423
Iteration,119.99635258060223,-0.9948963428423742,0.016831216973425663,1.4896995873093284,4.014796521843063,3.529999999999947
Iteration,119.99635258060223,-0.9948963428423742,0.006831216973425664,1.4996995873093284,4.014796521843063,3.724999999999943
Iteration,119.99635258060223,-0.9948963428423742,0.006831216973425664,1.4896995873093284,4.024796521843062,3.7749999999999417
Iteration,119.99635258060374,-0.9948963428450077,0.006831216997197689,1.4896995873177648,4.014796521827216,3.7399999999999425
Iteration,120.00635258060375,-0.9948963428450077,0.006831216997197689,1.4896995873177648,4.014796521827216,3.7399999999999425
Iteration,119.99635258060374,-0.9848963428450077,0.006831216997197689,1.4896995873177648,4.014796521827216,3.7499999999999423
Iteration,119.99635258060374,-0.9948963428450077,0.01683121699719769,1.4896995873177648,4.014796521827216,3.529999999999947
Iteration,119.99635258060374,-0.9948963428450077,0.006831216997197689,1.4996995873177648,4.014796521827216,3.724999999999943
Iteration,119.99635258060374,-0.9948963428450077,0.006831216997197689,1.4896995873177648,4.0247965218272155,3.7749999999999417
Iteration,119.99635258060405,-0.9948963428455635,0.006831217002214447,1.489699587319545,4.014796521823871,3.7399999999999425
Iteration,120.00635258060406,-0.9948963428455635,0.006831217002214447,1.489699587319545,4.014796521823871,3.7399999999999425
Iteration,119.99635258060405,-0.9848963428455635,0.006831217002214447,1.489699587319545,4.014796521823871,3.7499999999999423
Iteration,119.99635258060405,-0.9948963428455635,0.016831217002214446,1.489699587319545,4.014796521823871,3.529999999999947
Iteration,119.99635258060405,-0.9948963428455635,0.006831217002214447,1.4996995873195451,4.014796521823871,3.724999999999943
Iteration,119.99635258060405,-0.9948963428455635,0.006831217002214447,1.489699587319545,4.024796521823871,3.7749999999999417
Iteration,119.99635258060412,-0.9948963428456807,0.006831217003273164,1.4896995873199208,4.014796521823166,3.7399999999999425
Iteration,120.00635258060413,-0.9948963428456807,0.006831217003273164,1.4896995873199208,4.014796521823166,3.7399999999999425
Iteration,119.99635258060412,-0.9848963428456807,0.006831217003273164,1.4896995873199208,4.014796521823166,3.7499999999999423
Iteration,119.99635258060412,-0.9948963428456807,0.016831217003273165,1.4896995873199208,4.014796521823166,3.529999999999947
Iteration,119.99635258060412,-0.9948963428456807,0.006831217003273164,1.4996995873199208,4.014796521823166,3.724999999999943
Iteration,119.99635258060412,-0.9948963428456807,0.006831217003273164,1.4896995873199208,4.024796521823165,3.7749999999999417
Iteration,119.99635258060414,-0.9948963428457055,0.006831217003496593,1.48969958732,4.014796521823016,3.7399999999999425
Iteration,120.00635258060414,-0.9948963428457055,0.006831217003496593,1.48969958732,4.014796521823016,3.7399999999999425
Iteration,119.99635258060414,-0.9848963428457055,0.006831217003496593,1.48969958732,4.014796521823016,3.7499999999999423
Iteration,119.99635258060414,-0.9948963428457055,0.016831217003496594,1.48969958732,4.014796521823016,3.529999999999947
Iteration,119.99635258060414,-0.9948963428457055,0.006831217003496593,1.49969958732,4.014796521823016,3.724999999999943
Iteration,119.99635258060414,-0.9948963428457055,0.006831217003496593,1.48969958732,4.024796521823016,3.7749999999999417
Iteration,119.99635258060414,-0.9948963428457107,0.006831217003543745,1.489699587320017,4.014796521822984,3.7399999999999425
Iteration,120.00635258060414,-0.9948963428457107,0.006831217003543745,1.489699587320017,4.014796521822984,3.7399999999999425
Iteration,119.99635258060414,-0.9848963428457107,0.006831217003543745,1.489699587320017,4.014796521822984,3.7499999999999423
Iteration,119.99635258060414,-0.9948963428457107,0.016831217003543744,1.489699587320017,4.014796521822984,3.529999999999947
Iteration,119.99635258060414,-0.9948963428457107,0.006831217003543745,1.499699587320017,4.014796521822984,3.724999999999943
Iteration,119.99635258060414,-0.9948963428457107,0.006831217003543745,1.489699587320017,4.024796521822984,3.7749999999999417
Iteration,119.99635258060414,-0.9948963428457118,0.006831217003553699,1.4896995873200205,4.014796521822978,3.7399999999999425
Iteration,120.00635258060414,-0.9948963428457118,0.006831217003553699,1.4896995873200205,4.014796521822978,3.7399999999999425
Iteration,119.99635258060414,-0.9848963428457118,0.006831217003553699,1.4896995873200205,4.014796521822978,3.7499999999999423
Iteration,119.99635258060414,-0.9948963428457118,0.016831217003553698,1.4896995873200205,4.014796521822978,3.529999999999947
Iteration,119.99635258060414,-0.9948963428457118,0.006831217003553699,1.4996995873200205,4.014796521822978,3.724999999999943
Iteration,119.99635258060414,-0.9948963428457118,0.006831217003553699,1.4896995873200205,4.024796521822978,3.7749999999999417
Iteration,119.99635258060414,-0.9948963428457116,0.006831217003551595,1.4896995873200196,4.01479652182298,3.7399999999999425
Iteration,120.00635258060414,-0.9948963428457116,0.006831217003551595,1.4896995873200196,4.01479652182298,3.7399999999999425
Iteration,119.99635258060414,-0.9848963428457116,0.006831217003551595,1.4896995873200196,4.01479652182298,3.7499999999999423
Iteration,119.99635258060414,-0.9948963428457116,0.016831217003551596,1.4896995873200196,4.01479652182298,3.529999999999947
Iteration,119.99635258060414,-0.9948963428457116,0.006831217003551595,1.4996995873200196,4.01479652182298,3.724999999999943
Iteration,119.99635258060414,-0.9948963428457116,0.006831217003551595,1.4896995873200196,4.02479652182298,3.7749999999999417
Iteration,119.99635258060414,-0.994896342845711,0.006831217003546414,1.4896995873200178,4.014796521822983,3.7399999999999425
Iteration,120.00635258060414,-0.994896342845711,0.006831217003546414,1.4896995873200178,4.014796521822983,3.7399999999999425
Iteration,119.99635258060414,-0.984896342845711,0.006831217003546414,1.4896995873200178,4.014796521822983,3.7499999999999423
Iteration,119.99635258060414,-0.994896342845711,0.016831217003546416,1.4896995873200178,4.014796521822983,3.529999999999947
Iteration,119.99635258060414,-0.994896342845711,0.006831217003546414,1.4996995873200178,4.014796521822983,3.724999999999943
Iteration,119.99635258060414,-0.994896342845711,0.006831217003546414,1.4896995873200178,4.024796521822982,3.7749999999999417
Iteration,119.99635258060414,-0.9948963428457115,0.006831217003550506,1.4896995873200194,4.01479652182298,3.7399999999999425
Iteration,120.00635258060414,-0.9948963428457115,0.006831217003550506,1.4896995873200194,4.01479652182298,3.7399999999999425
Iteration,119.99635258060414,-0.9848963428457115,0.006831217003550506,1.4896995873200194,4.01479652182298,3.7499999999999423
Iteration,119.99635258060414,-0.9948963428457115,0.016831217003550506,1.4896995873200194,4.01479652182298,3.529999999999947
Iteration,119.99635258060414,-0.9948963428457115,0.006831217003550506,1.4996995873200194,4.01479652182298,3.724999999999943
Iteration,119.99635258060414,-0.9948963428457115,0.006831217003550506,1.4896995873200194,4.02479652182298,3.7749999999999417
Iteration,119.99635258060414,-0.9948963428457114,0.006831217003549641,1.489699587320019,4.014796521822981,3.7399999999999425
Iteration,120.00635258060414,-0.9948963428457114,0.006831217003549641,1.489699587320019,4.014796521822981,3.7399999999999425
Iteration,119.99635258060414,-0.9848963428457114,0.006831217003549641,1.489699587320019,4.014796521822981,3.7499999999999423
Iteration,119.99635258060414,-0.9948963428457114,0.016831217003549642,1.489699587320019,4.014796521822981,3.529999999999947
Iteration,119.99635258060414,-0.9948963428457114,0.006831217003549641,1.499699587320019,4.014796521822981,3.724999999999943
Iteration,119.99635258060414,-0.9948963428457114,0.006831217003549641,1.489699587320019,4.024796521822981,3.7749999999999417
Iteration,119.99635258060414,0.005103657154263419,-1.0,0.1,7.514796521822968,0.0
Iteration,120.00635258060414,0.005103657154263419,-1.0,0.1,7.514796521822968,0.0
Iteration,119.99635258060414,0.01510365715426342,-1.0,0.1,7.514796521822968,0.0
Iteration,119.99635258060414,0.005103657154263419,-0.99,0.1,7.514796521822968,0.0
Iteration,119.99635258060414,0.005103657154263419,-1.0,0.11,7.514796521822968,0.0
Iteration,119.99635258060414,0.005103657154263419,-1.0,0.1,7.524796521822968,0.0
Iteration,119.99635258060414,-0.7182838123979334,-0.27167091366562085,1.1052912679091869,4.982940378390224,0.0
Iteration,120.00635258060414,-0.7182838123979334,-0.27167091366562085,1.1052912679091869,4.982940378390224,0.0
Iteration,119.99635258060414,-0.7082838123979334,-0.27167091366562085,1.1052912679091869,4.982940378390224,0.0
Iteration,119.99635258060414,-0.7182838123979334,-0.26167091366562084,1.1052912679091869,4.982940378390224,0.0
Iteration,119.99635258060414,-0.7182838123979334,-0.27167091366562085,1.1152912679091869,4.982940378390224,0.0
Iteration,119.99635258060414,-0.7182838123979334,-0.27167091366562085,1.1052912679091869,4.992940378390224,0.0
Iteration,119.99635258060414,-0.9419452403961871,-0.04648160591738025,1.4161134620977744,4.200125380396318,0.0
Iteration,120.00635258060414,-0.9419452403961871,-0.04648160591738025,1.4161134620977744,4.200125380396318,0.0
Iteration,119.99635258060414,-0.9319452403961871,-0.04648160591738025,1.4161134620977744,4.200125380396318,0.0
Iteration,119.99635258060414,-0.9419452403961871,-0.03648160591738025,1.4161134620977744,4.200125380396318,0.0
Iteration,119.99635258060414,-0.9419452403961871,-0.04648160591738025,1.4261134620977745,4.200125380396318,0.0
Iteration,119.99635258060414,-0.9419452403961871,-0.04648160591738025,1.4161134620977744,4.210125380396318,0.0
Iteration,119.99635258060414,-0.991273924072922,0.003184052702051509,1.4846655134463747,4.027474987527742,3.3049999999999518
Iteration,120.00635258060414,-0.991273924072922,0.003184052702051509,1.4846655134463747,4.027474987527742,3.3049999999999518
Iteration,119.99635258060414,-0.981273924072922,0.003184052702051509,1.4846655134463747,4.027474987527742,3.3099999999999516
Iteration,119.99635258060414,-0.991273924072922,0.013184052702051509,1.4846655134463747,4.027474987527742,3.9849999999999373
Iteration,119.99635258060414,-0.991273924072922,0.003184052702051509,1.4946655134463747,4.027474987527742,3.289999999999952
Iteration,119.99635258060414,-0.991273924072922,0.003184052702051509,1.4846655134463747,4.037474987527742,3.329999999999951
Iteration,119.99635258060414,-0.9947124956843336,0.006646113942322946,1.4894440949957237,4.0154399868878015,3.714999999999943
Iteration,120.00635258060414,-0.9947124956843336,0.006646113942322946,1.4894440949957237,4.0154399868878015,3.714999999999943
Iteration,119.99635258060414,-0.9847124956843336,0.006646113942322946,1.4894440949957237,4.0154399868878015,3.724999999999943
Iteration,119.99635258060414,-0.9947124956843336,0.016646113942322946,1.4894440949957237,4.0154399868878015,3.5499999999999465
Iteration,119.99635258060414,-0.9947124956843336,0.006646113942322946,1.4994440949957237,4.0154399868878015,3.6999999999999433
Iteration,119.99635258060414,-0.9947124956843336,0.006646113942322946,1.4894440949957237,4.025439986887801,3.754999999999942
Iteration,119.99635258060414,-0.994889578541719,0.0068244064911347335,1.4896901869695536,4.014820196886952,3.7399999999999425
Iteration,120.00635258060414,-0.994889578541719,0.0068244064911347335,1.4896901869695536,4.014820196886952,3.7399999999999425
Iteration,119.99635258060414,-0.984889578541719,0.0068244064911347335,1.4896901869695536,4.014820196886952,3.7449999999999424
Iteration,119.99635258060414,-0.994889578541719,0.016824406491134734,1.4896901869695536,4.014820196886952,3.529999999999947
Iteration,119.99635258060414,-0.994889578541719,0.0068244064911347335,1.4996901869695536,4.014820196886952,3.719999999999943
Iteration,119.99635258060414,-0.994889578541719,0.0068244064911347335,1.4896901869695536,4.024820196886952,3.7749999999999417
Iteration,119.99635258060414,-0.9948949183318825,0.00682978275856362,1.4896976076737403,4.01480150762138,3.7399999999999425
Iteration,120.00635258060414,-0.9948949183318825,0.00682978275856362,1.4896976076737403,4.01480150762138,3.7399999999999425
Iteration,119.99635258060414,-0.9848949183318825,0.00682978275856362,1.4896976076737403,4.01480150762138,3.7499999999999423
Iteration,119.99635258060414,-0.9948949183318825,0.01682978275856362,1.4896976076737403,4.01480150762138,3.529999999999947
Iteration,119.99635258060414,-0.9948949183318825,0.00682978275856362,1.4996976076737403,4.01480150762138,3.719999999999943
Iteration,119.99635258060414,-0.9948949183318825,0.00682978275856362,1.4896976076737403,4.02480150762138,3.7749999999999417
Iteration,119.99635258060414,-0.9948960444636531,0.006830916583184712,1.489699172658597,4.014797566160183,3.7399999999999425
Iteration,120.00635258060414,-0.9948960444636531,0.006830916583184712,1.489699172658597,4.014797566160183,3.7399999999999425
Iteration,119.99635258060414,-0.9848960444636531,0.006830916583184712,1.489699172658597,4.014797566160183,3.7499999999999423
Iteration,119.99635258060414,-0.9948960444636531,0.01683091658318471,1.489699172658597,4.014797566160183,3.529999999999947
Iteration,119.99635258060414,-0.9948960444636531,0.006830916583184712,1.499699172658597,4.014797566160183,3.724999999999943
Iteration,119.99635258060414,-0.9948960444636531,0.006830916583184712,1.489699172658597,4.024797566160183,3.7749999999999417
Iteration,119.99635258060414,-0.9948962798762562,0.006831153603942329,1.4896994998113944,4.014796742216072,3.7399999999999425
Iteration,120.00635258060414,-0.9948962798762562,0.006831153603942329,1.4896994998113944,4.014796742216072,3.7399999999999425
Iteration,119.99635258060414,-0.9848962798762562,0.006831153603942329,1.4896994998113944,4.014796742216072,3.7499999999999423
Iteration,119.99635258060414,-0.9948962798762562,0.016831153603942328,1.4896994998113944,4.014796742216072,3.529999999999947
Iteration,119.99635258060414,-0.9948962798762562,0.006831153603942329,1.4996994998113944,4.014796742216072,3.724999999999943
Iteration,119.99635258060414,-0.9948962798762562,0.006831153603942329,1.4896994998113944,4.024796742216072,3.7749999999999417
Iteration,119.99635258060414,-0.994896329556869,0.006831203623934206,1.4896995688525214,4.014796568333928,3.7399999999999425
Iteration,120.00635258060414,-0.994896329556869,0.006831203623934206,1.4896995688525214,4.014796568333928,3.7399999999999425
Iteration,119.99635258060414,-0.984896329556869,0.006831203623934206,1.4896995688525214,4.014796568333928,3.7499999999999423
Iteration,119.99635258060414,-0.994896329556869,0.016831203623934206,1.4896995688525214,4.014796568333928,3.529999999999947
Iteration,119.99635258060414,-0.994896329556869,0.006831203623934206,1.4996995688525214,4.014796568333928,3.724999999999943
Iteration,119.99635258060414,-0.994896329556869,0.006831203623934206,1.4896995688525214,4.024796568333928,3.7749999999999417
Iteration,119.99635258060414,-0.9948963400412834,0.006831214179969943,1.4896995834227078,4.014796531638477,3.7399999999999425
Iteration,120.00635258060414,-0.9948963400412834,0.006831214179969943,1.4896995834227078,4.014796531638477,3.7399999999999425
Iteration,119.99635258060414,-0.9848963400412833,0.006831214179969943,1.4896995834227078,4.014796531638477,3.7499999999999423
Iteration,119.99635258060414,-0.9948963400412834,0.016831214179969942,1.4896995834227078,4.014796531638477,3.529999999999947
Iteration,119.99635258060414,-0.9948963400412834,0.006831214179969943,1.4996995834227078,4.014796531638477,3.724999999999943
Iteration,119.99635258060414,-0.9948963400412834,0.006831214179969943,1.4896995834227078,4.024796531638477,3.7749999999999417
Iteration,119.99635258060414,-0.9948963422538758,0.006831216407677031,1.4896995864975466,4.014796523894404,3.7399999999999425
Iteration,120.00635258060414,-0.9948963422538758,0.006831216407677031,1.4896995864975466,4.014796523894404,3.7399999999999425
Iteration,119.99635258060414,-0.9848963422538758,0.006831216407677031,1.4896995864975466,4.014796523894404,3.7499999999999423
Iteration,119.99635258060414,-0.9948963422538758,0.01683121640767703,1.4896995864975466,4.014796523894404,3.529999999999947
Iteration,119.99635258060414,-0.9948963422538758,0.006831216407677031,1.4996995864975466,4.014796523894404,3.724999999999943
Iteration,119.99635258060414,-0.9948963422538758,0.006831216407677031,1.4896995864975466,4.024796523894404,3.7749999999999417
Iteration,119.99635258060414,-0.9948963427208132,0.006831216877804169,1.4896995871464493,4.014796522260123,3.7399999999999425
Iteration,120.00635258060414,-0.9948963427208132,0.006831216877804169,1.4896995871464493,4.014796522260123,3.7399999999999425
Iteration,119.99635258060414,-0.9848963427208132,0.006831216877804169,1.4896995871464493,4.014796522260123,3.7499999999999423
Iteration,119.99635258060414,-0.9948963427208132,0.01683121687780417,1.4896995871464493,4.014796522260123,3.529999999999947
Iteration,119.99635258060414,-0.9948963427208132,0.006831216877804169,1.4996995871464494,4.014796522260123,3.724999999999943
Iteration,119.99635258060414,-0.9948963427208132,0.006831216877804169,1.4896995871464493,4.0247965222601225,3.7749999999999417
Iteration,119.99635258060414,-0.9948963428193539,0.006831216977018077,1.4896995872833914,4.014796521915231,3.7399999999999425
Iteration,120.00635258060414,-0.9948963428193539,0.006831216977018077,1.4896995872833914,4.014796521915231,3.7399999999999425
Iteration,119.99635258060414,-0.9848963428193539,0.006831216977018077,1.4896995872833914,4.014796521915231,3.7499999999999423
Iteration,119.99635258060414,-0.9948963428193539,0.016831216977018077,1.4896995872833914,4.014796521915231,3.529999999999947
Iteration,119.99635258060414,-0.9948963428193539,0.006831216977018077,1.4996995872833914,4.014796521915231,3.724999999999943
Iteration,119.99635258060414,-0.9948963428193539,0.006831216977018077,1.4896995872833914,4.02479652191523,3.7749999999999417
Iteration,119.99635258060414,-0.9948963428401496,0.006831216997955816,1.4896995873122911,4.014796521842445,3.7399999999999425
Iteration,120.00635258060414,-0.9948963428401496,0.006831216997955816,1.4896995873122911,4.014796521842445,3.7399999999999425
Iteration,119.99635258060414,-0.9848963428401496,0.006831216997955816,1.4896995873122911,4.014796521842445,3.7499999999999423
Iteration,119.99635258060414,-0.9948963428401496,0.016831216997955818,1.4896995873122911,4.014796521842445,3.529999999999947
Iteration,119.99635258060414,-0.9948963428401496,0.006831216997955816,1.4996995873122911,4.014796521842445,3.724999999999943
Iteration,119.99635258060414,-0.9948963428401496,0.006831216997955816,1.4896995873122911,4.024796521842445,3.7749999999999417
Iteration,119.99635258060414,-0.9948963428445382,0.0068312170023744415,1.48969958731839,4.014796521827085,3.7399999999999425
Iteration,120.00635258060414,-0.9948963428445382,0.0068312170023744415,1.48969958731839,4.014796521827085,3.7399999999999425
Iteration,119.99635258060414,-0.9848963428445382,0.0068312170023744415,1.48969958731839,4.014796521827085,3.7499999999999423
Iteration,119.99635258060414,-0.9948963428445382,0.016831217002374443,1.48969958731839,4.014796521827085,3.529999999999947
Iteration,119.99635258060414,-0.9948963428445382,0.0068312170023744415,1.49969958731839,4.014796521827085,3.724999999999943
Iteration,119.99635258060414,-0.9948963428445382,0.0068312170023744415,1.48969958731839,4.024796521827085,3.7749999999999417
Iteration,119.99635258060414,-0.9948963428454645,0.00683121700330693,1.4896995873196772,4.014796521823843,3.7399999999999425
Iteration,120.00635258060414,-0.9948963428454645,0.00683121700330693,1.4896995873196772,4.014796521823843,3.7399999999999425
Iteration,119.99635258060414,-0.9848963428454645,0.00683121700330693,1.4896995873196772,4.014796521823843,3.7499999999999423
Iteration,119.99635258060414,-0.9948963428454645,0.01683121700330693,1.4896995873196772,4.014796521823843,3.529999999999947
Iteration,119.99635258060414,-0.9948963428454645,0.00683121700330693,1.4996995873196772,4.014796521823843,3.724999999999943
Iteration,119.99635258060414,-0.9948963428454645,0.00683121700330693,1.4896995873196772,4.024796521823843,3.7749999999999417
Iteration,119.99635258060414,-0.9948963428456599,0.006831217003503719,1.4896995873199488,4.014796521823159,3.7399999999999425
Iteration,120.00635258060414,-0.9948963428456599,0.006831217003503719,1.4896995873199488,4.014796521823159,3.7399999999999425
Iteration,119.99635258060414,-0.9848963428456599,0.006831217003503719,1.4896995873199488,4.014796521823159,3.7499999999999423
Iteration,119.99635258060414,-0.9948963428456599,0.01683121700350372,1.4896995873199488,4.014796521823159,3.529999999999947
Iteration,119.99635258060414,-0.9948963428456599,0.006831217003503719,1.4996995873199488,4.014796521823159,3.724999999999943
Iteration,119.99635258060414,-0.9948963428456599,0.006831217003503719,1.4896995873199488,4.024796521823159,3.7749999999999417
Iteration,119.99635258060414,-0.9948963428457012,0.006831217003545249,1.489699587320006,4.014796521823015,3.7399999999999425
Iteration,120.00635258060414,-0.9948963428457012,0.006831217003545249,1.489699587320006,4.014796521823015,3.7399999999999425
Iteration,119.99635258060414,-0.9848963428457012,0.006831217003545249,1.489699587320006,4.014796521823015,3.7499999999999423
Iteration,119.99635258060414,-0.9948963428457012,0.01683121700354525,1.489699587320006,4.014796521823015,3.529999999999947
Iteration,119.99635258060414,-0.9948963428457012,0.006831217003545249,1.499699587320006,4.014796521823015,3.724999999999943
Iteration,119.99635258060414,-0.9948963428457012,0.006831217003545249,1.489699587320006,4.024796521823014,3.7749999999999417
Iteration,119.99635258060414,-0.9948963428457098,0.006831217003554014,1.489699587320018,4.014796521822984,3.7399999999999425
Iteration,120.00635258060414,-0.9948963428457098,0.006831217003554014,1.489699587320018,4.014796521822984,3.7399999999999425
Iteration,119.99635258060414,-0.9848963428457098,0.006831217003554014,1.489699587320018,4.014796521822984,3.7499999999999423
Iteration,119.99635258060414,-0.9948963428457098,0.016831217003554014,1.489699587320018,4.014796521822984,3.529999999999947
Iteration,119.99635258060414,-0.9948963428457098,0.006831217003554014,1.499699587320018,4.014796521822984,3.724999999999943
Iteration,119.99635258060414,-0.9948963428457098,0.006831217003554014,1.489699587320018,4.024796521822984,3.7749999999999417
