Iteration,fy_speed_1,fy_dir_x,fy_dir_y,drop_time,clock_value,Obscured_Duration
Iteration,120.0,-0.9949258920227907,0.0,1.5,3.6,1.3899999999999924
Iteration,120.01,-0.9949258920227907,0.0,1.5,3.6,1.3849999999999925
Iteration,120.0,-0.9849258920227907,0.0,1.5,3.6,1.3899999999999924
Iteration,120.0,-0.9949258920227907,0.01,1.5,3.6,1.7749999999999841
Iteration,120.0,-0.9949258920227907,0.0,1.51,3.6,1.359999999999993
Iteration,120.0,-0.9949258920227907,0.0,1.5,3.61,1.4349999999999914
Iteration,119.50000000000027,-0.9949258920227907,0.9999999999838138,0.1000000000006902,8.1,0.0
Iteration,119.75538008979737,-0.9949258920227907,0.4892398203976123,0.8150642514325939,5.8015791918248905,0.0
Iteration,119.88295191632228,-0.9949258920227907,0.23409616735177075,1.1722653657023776,4.65343275310002,0.0
Iteration,119.94650215726368,-0.9949258920227907,0.10699568547097263,1.3502060403382876,4.081480584627171,0.0
Iteration,119.97781197411764,-0.9949258920227907,0.04437605176401822,1.4378735275293995,3.7996922329413145,0.0
Iteration,119.99258233313488,-0.9949258920227907,0.014835333730026734,1.4792305327776367,3.666759001786201,2.299999999999973
Iteration,120.00258233313488,-0.9949258920227907,0.014835333730026734,1.4792305327776367,3.666759001786201,2.2949999999999733
Iteration,119.99258233313488,-0.9849258920227907,0.014835333730026734,1.4792305327776367,3.666759001786201,2.2849999999999735
Iteration,119.99258233313488,-0.9949258920227907,0.024835333730026735,1.4792305327776367,3.666759001786201,0.0
Iteration,119.99258233313488,-0.9949258920227907,0.014835333730026734,1.4892305327776367,3.666759001786201,2.2349999999999746
Iteration,119.99258233313488,-0.9949258920227907,0.014835333730026734,1.4792305327776367,3.6767590017862006,2.3899999999999713
Iteration,118.82922168852389,-0.9999999999999579,0.12752921879097304,0.10000000000554055,9.999999999983144,0.0
Iteration,119.44206307051654,-0.9973270340890757,0.06816372745963732,0.8265584835728997,6.663741219177176,0.0
Iteration,119.7467300457314,-0.9959982001316282,0.038650862944429244,1.1877585950689877,5.0051589152583515,0.0
Iteration,119.89562539694964,-0.9953487789114078,0.024227480415522938,1.3642825436307104,4.194584698961297,1.6999999999999857
Iteration,119.95140023814325,-0.9951055116426235,0.018824612807889857,1.4304068055189474,3.890950986963643,3.5449999999999466
Iteration,119.96140023814326,-0.9951055116426235,0.018824612807889857,1.4304068055189474,3.890950986963643,3.5449999999999466
Iteration,119.95140023814325,-0.9851055116426235,0.018824612807889857,1.4304068055189474,3.890950986963643,3.5099999999999474
Iteration,119.95140023814325,-0.9951055116426235,0.02882461280788986,1.4304068055189474,3.890950986963643,0.0
Iteration,119.95140023814325,-0.9951055116426235,0.018824612807889857,1.4404068055189474,3.890950986963643,3.534999999999947
Iteration,119.95140023814325,-0.9951055116426235,0.018824612807889857,1.4304068055189474,3.9009509869636427,3.524999999999947
Iteration,119.19847217481563,-0.9999999999999996,2.42861286636753e-17,1.0660224299471448,3.7683739553766493,2.814999999999962
Iteration,119.60916023327475,-0.9973302789223208,0.010267971220449791,1.2647775554700817,3.8352341583177636,3.85999999999994
Iteration,119.7623316551787,-0.9963345719249243,0.014097543859610557,1.3389058495852517,3.860170535556734,4.094999999999935
Iteration,119.7723316551787,-0.9963345719249243,0.014097543859610557,1.3389058495852517,3.860170535556734,4.094999999999935
Iteration,119.7623316551787,-0.9863345719249242,0.014097543859610557,1.3389058495852517,3.860170535556734,4.104999999999935
Iteration,119.7623316551787,-0.9963345719249243,0.024097543859610555,1.3389058495852517,3.860170535556734,2.679999999999965
Iteration,119.7623316551787,-0.9963345719249243,0.014097543859610557,1.3489058495852517,3.860170535556734,4.0699999999999354
Iteration,119.7623316551787,-0.9963345719249243,0.014097543859610557,1.3389058495852517,3.870170535556734,4.149999999999934
Iteration,119.46645745219996,-0.7803926793227846,0.0,1.6491566672744162,4.19864701389822,2.92499999999996
Iteration,119.65314462392988,-0.9166451162775379,0.008895099893782373,1.453398310857498,3.9850791671494634,4.034999999999936
Iteration,119.71030402302503,-0.9583625377233498,0.011618578749391716,1.3934615197166835,3.919689511968095,4.099999999999935
Iteration,119.7360915181729,-0.9771833759432336,0.012847277771532347,1.3664210025805632,3.890188932143882,4.109999999999935
Iteration,119.74850207967333,-0.9862411447912033,0.013438604873771525,1.353407408239702,3.8759914012046646,4.104999999999935
Iteration,119.75493698761368,-0.9909376211496372,0.013745209491573191,1.346659826226301,3.8686299450311483,4.109999999999935
Iteration,119.76493698761368,-0.9909376211496372,0.013745209491573191,1.346659826226301,3.8686299450311483,4.104999999999935
Iteration,119.75493698761368,-0.9809376211496372,0.013745209491573191,1.346659826226301,3.8686299450311483,4.119999999999934
Iteration,119.75493698761368,-0.9909376211496372,0.02374520949157319,1.346659826226301,3.8686299450311483,2.7199999999999642
Iteration,119.75493698761368,-0.9909376211496372,0.013745209491573191,1.356659826226301,3.8686299450311483,4.084999999999935
Iteration,119.75493698761368,-0.9909376211496372,0.013745209491573191,1.346659826226301,3.878629945031148,4.1599999999999335
Iteration,119.2091560421218,-1.0,8.808578866315031e-14,1.488514556157956,4.345232775668901,0.0
Iteration,119.61696871365274,-0.9932285050258375,0.010270550208511265,1.382519363653403,3.9891106442038264,4.164999999999933
Iteration,119.68218668890547,-0.9921455980381975,0.011913031024054305,1.3655684635851926,3.932159092723949,4.2099999999999325
Iteration,119.69218668890548,-0.9921455980381975,0.011913031024054305,1.3655684635851926,3.932159092723949,4.2099999999999325
Iteration,119.68218668890547,-0.9821455980381975,0.011913031024054305,1.3655684635851926,3.932159092723949,4.2099999999999325
Iteration,119.68218668890547,-0.9921455980381975,0.021913031024054307,1.3655684635851926,3.932159092723949,2.9499999999999593
Iteration,119.68218668890547,-0.9921455980381975,0.011913031024054305,1.3755684635851926,3.932159092723949,4.194999999999933
Iteration,119.68218668890547,-0.9921455980381975,0.011913031024054305,1.3655684635851926,3.9421590927239487,4.204999999999933
Iteration,119.97786750582601,-0.2099250953001296,2.983724378680108e-16,0.1348735009784876,3.5728394901123917,0.0
Iteration,119.74957877088514,-0.8138605513594135,0.00919779243752434,1.0850663441858073,3.8502623489030383,4.359999999999929
Iteration,119.75957877088514,-0.8138605513594135,0.00919779243752434,1.0850663441858073,3.8502623489030383,4.354999999999929
Iteration,119.74957877088514,-0.8038605513594135,0.00919779243752434,1.0850663441858073,3.8502623489030383,4.374999999999929
Iteration,119.74957877088514,-0.8138605513594135,0.01919779243752434,1.0850663441858073,3.8502623489030383,3.0699999999999568
Iteration,119.74957877088514,-0.8138605513594135,0.00919779243752434,1.0950663441858073,3.8502623489030383,4.33999999999993
Iteration,119.74957877088514,-0.8138605513594135,0.00919779243752434,1.0850663441858073,3.860262348903038,4.389999999999929
Iteration,119.96137834018667,-0.14508422579759495,3.3804035959317247e-13,0.10000000002063048,3.5866119478071825,0.0
Iteration,119.79490851771806,-0.6707277696189011,0.007229263398610819,0.8742405708289636,3.7938353883880263,4.369999999999929
Iteration,119.77257291038894,-0.7412544729923786,0.008199228922380382,0.9781220618488059,3.821638994648707,4.399999999999928
Iteration,119.78257291038895,-0.7412544729923786,0.008199228922380382,0.9781220618488059,3.821638994648707,4.399999999999928
Iteration,119.77257291038894,-0.7312544729923786,0.008199228922380382,0.9781220618488059,3.821638994648707,4.414999999999928
Iteration,119.77257291038894,-0.7412544729923786,0.01819922892238038,0.9781220618488059,3.821638994648707,3.0449999999999573
Iteration,119.77257291038894,-0.7412544729923786,0.008199228922380382,0.9881220618488059,3.821638994648707,4.389999999999929
Iteration,119.77257291038894,-0.7412544729923786,0.008199228922380382,0.9781220618488059,3.831638994648707,4.419999999999928
Iteration,119.97849680390662,-0.029046341516281715,1.5717635526435458e-13,0.4972741593399481,3.575580287697999,2.964999999999959
Iteration,119.83452768897432,-0.5269777499829653,0.00573238836410608,0.8334529570437228,3.7476091555284263,4.359999999999929
Iteration,119.80176042700894,-0.6403065629696252,0.007037075631907421,0.9099669978277165,3.786762796088471,4.384999999999929
Iteration,119.78648746024153,-0.693129627538287,0.007645196179301608,0.9456305330772905,3.8050124823676774,4.3949999999999285
Iteration,119.77930056805137,-0.7179862042591101,0.007931355173771994,0.9624124711815164,3.813600108451742,4.404999999999928
Iteration,119.77619222850258,-0.7287367036995678,0.008055119284352784,0.9696706796719936,3.817314267100718,4.399999999999928
Iteration,119.77438256944576,-0.7349955883459731,0.008127174103366584,0.9738963707603998,3.819476630874713,4.399999999999928
Iteration,119.77347773991735,-0.7381250306691759,0.008163201512873482,0.9760092163046028,3.82055781276171,4.404999999999928
Iteration,119.78347773991736,-0.7381250306691759,0.008163201512873482,0.9760092163046028,3.82055781276171,4.404999999999928
Iteration,119.77347773991735,-0.7281250306691759,0.008163201512873482,0.9760092163046028,3.82055781276171,4.419999999999928
Iteration,119.77347773991735,-0.7381250306691759,0.018163201512873484,0.9760092163046028,3.82055781276171,3.0449999999999573
Iteration,119.77347773991735,-0.7381250306691759,0.008163201512873482,0.9860092163046028,3.82055781276171,4.389999999999929
Iteration,119.77347773991735,-0.7381250306691759,0.008163201512873482,0.9760092163046028,3.8305578127617097,4.419999999999928
Iteration,120.03853677230245,0.06563402235645277,0.0,0.336961726787565,3.5149336596163065,0.0
Iteration,119.82516041690467,-0.5814036424585922,0.006571495306238102,0.8514042002707677,3.760965524038706,4.414999999999928
Iteration,119.79979844443514,-0.6583107178052768,0.007352585051302176,0.9125509745949747,3.79020893931999,4.409999999999928
Iteration,119.78687769423912,-0.6974913103264441,0.007750514096007908,0.9437024237689395,3.80510710483855,4.404999999999928
Iteration,119.78017771707823,-0.71780817049781,0.007956857804440694,0.9598558200367712,3.81283245880013,4.404999999999928
Iteration,119.77682772849779,-0.7279666005834929,0.008060029658657089,0.9679325181706869,3.81669513578092,4.399999999999928
Iteration,119.7749464035514,-0.7336714880711843,0.008117970089928114,0.972468322791814,3.8188643821497816,4.404999999999928
Iteration,119.77421207173437,-0.7358982593701802,0.008140585801400797,0.9742387695482084,3.8197110974557456,4.404999999999928
Iteration,119.77384490582587,-0.737011645019678,0.00815189365713714,0.9751239929264056,3.820134455108728,4.404999999999928
Iteration,119.7736613228716,-0.737568337844427,0.008157547585005311,0.9755666046155043,3.8203461339352187,4.404999999999928
Iteration,119.77356953139449,-0.7378466842568014,0.008160374548939395,0.9757879104600535,3.8204519733484643,4.404999999999928
